<?xml version="1.0" encoding="UTF-8"?>
<testng-results skipped="0" failed="0" ignored="0" total="1" passed="1">
  <reporter-output>
  </reporter-output>
  <suite name="Surefire suite" duration-ms="133" started-at="2023-03-21T10:11:15Z" finished-at="2023-03-21T10:11:15Z">
    <groups>
    </groups>
    <test name="Surefire test" duration-ms="133" started-at="2023-03-21T10:11:15Z" finished-at="2023-03-21T10:11:15Z">
      <class name="March2023POMSeries.March2023POMSeries.AppTest">
        <test-method status="PASS" signature="shouldAnswerWithTrue()" name="shouldAnswerWithTrue" duration-ms="13" started-at="2023-03-21T10:11:15Z" finished-at="2023-03-21T10:11:15Z">
          <reporter-output>
          </reporter-output>
        </test-method> <!-- shouldAnswerWithTrue -->
      </class> <!-- March2023POMSeries.March2023POMSeries.AppTest -->
    </test> <!-- Surefire test -->
  </suite> <!-- Surefire suite -->
</testng-results>
