<?xml version="1.0" encoding="UTF-8"?>
<!-- Generated by org.testng.reporters.JUnitXMLReporter -->
<testsuite hostname="Sachin-Sharma" ignored="3" name="Surefire test" tests="1" failures="0" timestamp="21 Mar 2023 10:14:36 GMT" time="18.209" errors="0">
  <testcase name="verifyLoginPageTitleTest" time="0.037" classname="com.qa.trcrm.tests.LoginPageTest"/>
  <testcase name="verifySignUpNowLinkTest" time="0.0" classname="com.qa.trcrm.tests.LoginPageTest">
    <ignored/>
  </testcase> <!-- verifySignUpNowLinkTest -->
  <testcase name="loginTest" time="0.0" classname="com.qa.trcrm.tests.LoginPageTest">
    <ignored/>
  </testcase> <!-- loginTest -->
  <testcase name="login_InvalidTestCases" time="0.0" classname="com.qa.trcrm.tests.LoginPageTest">
    <ignored/>
  </testcase> <!-- login_InvalidTestCases -->
</testsuite> <!-- Surefire test -->
