<?xml version="1.0" encoding="UTF-8"?>
<!-- Generated by org.testng.reporters.JUnitXMLReporter -->
<testsuite hostname="Sachin-Sharma" ignored="0" name="Home Page Test" tests="3" failures="0" timestamp="22 Mar 2023 18:30:35 GMT" time="81.696" errors="0">
  <testcase name="verifyHomePageTitleTest" time="0.042" classname="com.qa.trcrm.tests.HomePageTest"/>
  <testcase name="verifyHomePageHeaderTest" time="6.008" classname="com.qa.trcrm.tests.HomePageTest"/>
  <testcase name="verifyLoggedInUserTest" time="2.833" classname="com.qa.trcrm.tests.HomePageTest"/>
</testsuite> <!-- Home Page Test -->
