<?xml version="1.0" encoding="UTF-8"?>
<!-- Generated by org.testng.reporters.JUnitXMLReporter -->
<testsuite hostname="Sachin-Sharma" ignored="1" name="Surefire test" tests="6" failures="0" timestamp="21 Mar 2023 10:11:15 GMT" time="97.024" errors="0">
  <testcase name="verifyHomePageTitleTest" time="0.194" classname="com.qa.trcrm.tests.HomePageTest"/>
  <testcase name="verifyLoginPageTitleTest" time="0.099" classname="com.qa.trcrm.tests.LoginPageTest"/>
  <testcase name="verifyHomePageHeaderTest" time="0.66" classname="com.qa.trcrm.tests.HomePageTest"/>
  <testcase name="verifySignUpNowLinkTest" time="0.18" classname="com.qa.trcrm.tests.LoginPageTest"/>
  <testcase name="verifyLoggedInUserTest" time="0.084" classname="com.qa.trcrm.tests.HomePageTest"/>
  <testcase name="loginTest" time="24.654" classname="com.qa.trcrm.tests.LoginPageTest"/>
  <testcase name="login_InvalidTestCases" time="0.0" classname="com.qa.trcrm.tests.LoginPageTest">
    <ignored/>
  </testcase> <!-- login_InvalidTestCases -->
</testsuite> <!-- Surefire test -->
