<?xml version="1.0" encoding="UTF-8"?>
<!-- Generated by org.testng.reporters.JUnitXMLReporter -->
<testsuite hostname="Sachin-Sharma" ignored="0" name="Home Page Test" tests="3" failures="0" timestamp="22 Mar 2023 17:38:16 GMT" time="57.752" errors="0">
  <testcase name="verifyHomePageTitleTest" time="0.032" classname="com.qa.trcrm.tests.HomePageTest"/>
  <testcase name="verifyHomePageHeaderTest" time="4.548" classname="com.qa.trcrm.tests.HomePageTest"/>
  <testcase name="verifyLoggedInUserTest" time="8.656" classname="com.qa.trcrm.tests.HomePageTest"/>
</testsuite> <!-- Home Page Test -->
