<?xml version="1.0" encoding="UTF-8"?>
<!-- Generated by org.testng.reporters.JUnitXMLReporter -->
<testsuite hostname="Sachin-Sharma" ignored="0" name="Home Page Test" tests="3" failures="0" timestamp="22 Mar 2023 18:44:03 GMT" time="54.359" errors="0">
  <testcase name="verifyHomePageTitleTest" time="0.042" classname="com.qa.trcrm.tests.HomePageTest"/>
  <testcase name="verifyHomePageHeaderTest" time="5.481" classname="com.qa.trcrm.tests.HomePageTest"/>
  <testcase name="verifyLoggedInUserTest" time="2.698" classname="com.qa.trcrm.tests.HomePageTest"/>
</testsuite> <!-- Home Page Test -->
