<?xml version="1.0" encoding="UTF-8"?>
<testng-results skipped="0" failed="1" ignored="1" total="7" passed="5">
  <reporter-output>
    <line>
      <![CDATA[Test cases verifyLoginPageTitleTest]]>
    </line>
    <line>
      <![CDATA[status 1]]>
    </line>
    <line>
      <![CDATA[Test cases verifySignUpNowLinkTest]]>
    </line>
    <line>
      <![CDATA[Test cases loginTest]]>
    </line>
    <line>
      <![CDATA[status 1]]>
    </line>
    <line>
      <![CDATA[Test cases verifyHomePageTitleTest]]>
    </line>
    <line>
      <![CDATA[status 1]]>
    </line>
    <line>
      <![CDATA[Test cases verifyHomePageHeaderTest]]>
    </line>
    <line>
      <![CDATA[status 1]]>
    </line>
    <line>
      <![CDATA[Test cases verifyLoggedInUserTest]]>
    </line>
    <line>
      <![CDATA[status 1]]>
    </line>
  </reporter-output>
  <suite name="trcrm app-Regression suite" duration-ms="126327" started-at="2023-03-22T17:36:09Z" finished-at="2023-03-22T17:38:15Z">
    <groups>
    </groups>
    <test name="Login Page Test" duration-ms="66257" started-at="2023-03-22T17:36:09Z" finished-at="2023-03-22T17:37:15Z">
      <class name="com.qa.trcrm.tests.LoginPageTest">
        <test-method status="PASS" signature="setUp()[pri:0, instance:com.qa.trcrm.tests.LoginPageTest@26794848]" name="setUp" is-config="true" duration-ms="16476" started-at="2023-03-22T17:36:10Z" finished-at="2023-03-22T17:36:27Z">
          <reporter-output>
          </reporter-output>
        </test-method> <!-- setUp -->
        <test-method status="PASS" signature="verifyLoginPageTitleTest()[pri:1, instance:com.qa.trcrm.tests.LoginPageTest@26794848]" name="verifyLoginPageTitleTest" duration-ms="62" started-at="2023-03-22T17:36:27Z" description="verify Login Page Title is correct or not" finished-at="2023-03-22T17:36:27Z">
          <reporter-output>
            <line>
              <![CDATA[Test cases verifyLoginPageTitleTest]]>
            </line>
            <line>
              <![CDATA[status 1]]>
            </line>
          </reporter-output>
        </test-method> <!-- verifyLoginPageTitleTest -->
        <test-method status="FAIL" signature="verifySignUpNowLinkTest()[pri:2, instance:com.qa.trcrm.tests.LoginPageTest@26794848]" name="verifySignUpNowLinkTest" duration-ms="215" started-at="2023-03-22T17:36:27Z" description="verify SignUp Link is correct or not" finished-at="2023-03-22T17:36:27Z">
          <exception class="java.lang.NullPointerException">
            <full-stacktrace>
              <![CDATA[java.lang.NullPointerException
at com.qa.trcrm.utils.ElementUtil.doIsDisplayed(ElementUtil.java:47)
at com.qa.trcrm.pages.LoginPage.verifySignUpLink(LoginPage.java:36)
at com.qa.trcrm.tests.LoginPageTest.verifySignUpNowLinkTest(LoginPageTest.java:48)
at sun.reflect.NativeMethodAccessorImpl.invoke0(Native Method)
at sun.reflect.NativeMethodAccessorImpl.invoke(NativeMethodAccessorImpl.java:62)
at sun.reflect.DelegatingMethodAccessorImpl.invoke(DelegatingMethodAccessorImpl.java:43)
at java.lang.reflect.Method.invoke(Method.java:498)
at org.testng.internal.MethodInvocationHelper.invokeMethod(MethodInvocationHelper.java:124)
at org.testng.internal.Invoker.invokeMethod(Invoker.java:583)
at org.testng.internal.Invoker.invokeTestMethod(Invoker.java:719)
at org.testng.internal.Invoker.invokeTestMethods(Invoker.java:989)
at org.testng.internal.TestMethodWorker.invokeTestMethods(TestMethodWorker.java:125)
at org.testng.internal.TestMethodWorker.run(TestMethodWorker.java:109)
at org.testng.TestRunner.privateRun(TestRunner.java:648)
at org.testng.TestRunner.run(TestRunner.java:505)
at org.testng.SuiteRunner.runTest(SuiteRunner.java:455)
at org.testng.SuiteRunner.runSequentially(SuiteRunner.java:450)
at org.testng.SuiteRunner.privateRun(SuiteRunner.java:415)
at org.testng.SuiteRunner.run(SuiteRunner.java:364)
at org.testng.SuiteRunnerWorker.runSuite(SuiteRunnerWorker.java:52)
at org.testng.SuiteRunnerWorker.run(SuiteRunnerWorker.java:84)
at org.testng.TestNG.runSuitesSequentially(TestNG.java:1208)
at org.testng.TestNG.runSuitesLocally(TestNG.java:1137)
at org.testng.TestNG.runSuites(TestNG.java:1049)
at org.testng.TestNG.run(TestNG.java:1017)
at org.apache.maven.surefire.testng.TestNGExecutor.run(TestNGExecutor.java:283)
at org.apache.maven.surefire.testng.TestNGXmlTestSuite.execute(TestNGXmlTestSuite.java:75)
at org.apache.maven.surefire.testng.TestNGProvider.invoke(TestNGProvider.java:120)
at org.apache.maven.surefire.booter.ForkedBooter.invokeProviderInSameClassLoader(ForkedBooter.java:386)
at org.apache.maven.surefire.booter.ForkedBooter.runSuitesInProcess(ForkedBooter.java:323)
at org.apache.maven.surefire.booter.ForkedBooter.main(ForkedBooter.java:143)
]]>
            </full-stacktrace>
          </exception> <!-- java.lang.NullPointerException -->
          <reporter-output>
            <line>
              <![CDATA[Test cases verifySignUpNowLinkTest]]>
            </line>
          </reporter-output>
        </test-method> <!-- verifySignUpNowLinkTest -->
        <test-method status="PASS" signature="loginTest()[pri:3, instance:com.qa.trcrm.tests.LoginPageTest@26794848]" name="loginTest" duration-ms="45524" started-at="2023-03-22T17:36:28Z" description="verify login feature" finished-at="2023-03-22T17:37:14Z">
          <reporter-output>
            <line>
              <![CDATA[Test cases loginTest]]>
            </line>
            <line>
              <![CDATA[status 1]]>
            </line>
          </reporter-output>
        </test-method> <!-- loginTest -->
        <test-method status="PASS" signature="tearDown()[pri:0, instance:com.qa.trcrm.tests.LoginPageTest@26794848]" name="tearDown" is-config="true" duration-ms="1532" started-at="2023-03-22T17:37:14Z" finished-at="2023-03-22T17:37:15Z">
          <reporter-output>
          </reporter-output>
        </test-method> <!-- tearDown -->
      </class> <!-- com.qa.trcrm.tests.LoginPageTest -->
    </test> <!-- Login Page Test -->
    <test name="Home Page Test" duration-ms="57752" started-at="2023-03-22T17:37:18Z" finished-at="2023-03-22T17:38:15Z">
      <class name="com.qa.trcrm.tests.HomePageTest">
        <test-method status="PASS" signature="setUp()[pri:0, instance:com.qa.trcrm.tests.HomePageTest@247bddad]" name="setUp" is-config="true" duration-ms="43128" started-at="2023-03-22T17:37:18Z" finished-at="2023-03-22T17:38:01Z">
          <reporter-output>
          </reporter-output>
        </test-method> <!-- setUp -->
        <test-method status="PASS" signature="verifyHomePageTitleTest()[pri:1, instance:com.qa.trcrm.tests.HomePageTest@247bddad]" name="verifyHomePageTitleTest" duration-ms="32" started-at="2023-03-22T17:38:01Z" finished-at="2023-03-22T17:38:01Z">
          <reporter-output>
            <line>
              <![CDATA[Test cases verifyHomePageTitleTest]]>
            </line>
            <line>
              <![CDATA[status 1]]>
            </line>
          </reporter-output>
        </test-method> <!-- verifyHomePageTitleTest -->
        <test-method status="PASS" signature="verifyHomePageHeaderTest()[pri:2, instance:com.qa.trcrm.tests.HomePageTest@247bddad]" name="verifyHomePageHeaderTest" duration-ms="4548" started-at="2023-03-22T17:38:01Z" finished-at="2023-03-22T17:38:05Z">
          <reporter-output>
            <line>
              <![CDATA[Test cases verifyHomePageHeaderTest]]>
            </line>
            <line>
              <![CDATA[status 1]]>
            </line>
          </reporter-output>
        </test-method> <!-- verifyHomePageHeaderTest -->
        <test-method status="PASS" signature="verifyLoggedInUserTest()[pri:3, instance:com.qa.trcrm.tests.HomePageTest@247bddad]" name="verifyLoggedInUserTest" duration-ms="8656" started-at="2023-03-22T17:38:05Z" finished-at="2023-03-22T17:38:14Z">
          <reporter-output>
            <line>
              <![CDATA[Test cases verifyLoggedInUserTest]]>
            </line>
            <line>
              <![CDATA[status 1]]>
            </line>
          </reporter-output>
        </test-method> <!-- verifyLoggedInUserTest -->
        <test-method status="PASS" signature="tearDown()[pri:0, instance:com.qa.trcrm.tests.HomePageTest@247bddad]" name="tearDown" is-config="true" duration-ms="1367" started-at="2023-03-22T17:38:14Z" finished-at="2023-03-22T17:38:15Z">
          <reporter-output>
          </reporter-output>
        </test-method> <!-- tearDown -->
      </class> <!-- com.qa.trcrm.tests.HomePageTest -->
    </test> <!-- Home Page Test -->
  </suite> <!-- trcrm app-Regression suite -->
</testng-results>
