<?xml version="1.0" encoding="UTF-8"?>
<!-- Generated by org.testng.reporters.JUnitXMLReporter -->
<testsuite hostname="Sachin-Sharma" ignored="1" name="sanity test" tests="3" failures="0" timestamp="21 Mar 2023 10:41:18 GMT" time="26.467" errors="0">
  <testcase name="verifyLoginPageTitleTest" time="0.029" classname="com.qa.trcrm.tests.LoginPageTest"/>
  <testcase name="verifySignUpNowLinkTest" time="0.222" classname="com.qa.trcrm.tests.LoginPageTest"/>
  <testcase name="loginTest" time="11.037" classname="com.qa.trcrm.tests.LoginPageTest"/>
  <testcase name="login_InvalidTestCases" time="0.0" classname="com.qa.trcrm.tests.LoginPageTest">
    <ignored/>
  </testcase> <!-- login_InvalidTestCases -->
</testsuite> <!-- sanity test -->
